0 verbose cli /usr/local/bin/node /usr/local/bin/npm
1 info using npm@9.3.1
2 info using node@v18.14.0
3 timing npm:load:whichnode Completed in 4ms
4 timing config:load:defaults Completed in 7ms
5 timing config:load:file:/usr/local/lib/node_modules/npm/npmrc Completed in 4ms
6 timing config:load:builtin Completed in 4ms
7 timing config:load:cli Completed in 3ms
8 timing config:load:env Completed in 0ms
9 timing config:load:project Completed in 9ms
10 timing config:load:file:/home/node/.npmrc Completed in 3ms
11 timing config:load:user Completed in 3ms
12 timing config:load:file:/usr/local/etc/npmrc Completed in 3ms
13 timing config:load:global Completed in 3ms
14 timing config:load:setEnvs Completed in 0ms
15 timing config:load Completed in 30ms
16 timing npm:load:configload Completed in 30ms
17 timing npm:load:mkdirpcache Completed in 7ms
18 timing npm:load:mkdirplogs Completed in 2ms
19 verbose title npm start
20 verbose argv "start"
21 timing npm:load:setTitle Completed in 1ms
22 timing config:load:flatten Completed in 1ms
23 timing npm:load:display Completed in 2ms
24 verbose logfile logs-max:10 dir:/home/node/.npm/_logs/2023-05-29T17_13_59_564Z-
25 verbose logfile /home/node/.npm/_logs/2023-05-29T17_13_59_564Z-debug-0.log
26 timing npm:load:logFile Completed in 85ms
27 timing npm:load:timers Completed in 0ms
28 timing npm:load:configScope Completed in 0ms
29 timing npm:load Completed in 166ms
30 silly logfile start cleaning logs, removing 1 files
31 silly logfile done cleaning log files
32 timing command:run-script Completed in 8396305ms
33 timing command:start Completed in 8396314ms
34 verbose stack Error: command failed
34 verbose stack     at ChildProcess.<anonymous> (/usr/local/lib/node_modules/npm/node_modules/@npmcli/promise-spawn/lib/index.js:53:27)
34 verbose stack     at ChildProcess.emit (node:events:513:28)
34 verbose stack     at maybeClose (node:internal/child_process:1091:16)
34 verbose stack     at ChildProcess._handle.onexit (node:internal/child_process:302:5)
35 verbose pkgid docker_web_app@1.0.0
36 verbose cwd /home/node
37 verbose Linux 5.15.49-linuxkit
38 verbose node v18.14.0
39 verbose npm  v9.3.1
40 error path /home/node
41 error command failed
42 error signal SIGTERM
43 error command sh -c nodemon --inspect=0.0.0.0:9229 server.js
44 verbose exit 1
45 timing npm Completed in 8396517ms
46 verbose code 1
47 error A complete log of this run can be found in:
47 error     /home/node/.npm/_logs/2023-05-29T17_13_59_564Z-debug-0.log
